<?xml version="1.0" encoding="UTF-8"?>
<testsuite name="com.netflix.catalogo.CustomerApplicationTests" tests="1" skipped="0" failures="0" errors="0" timestamp="2020-10-24T19:28:49" hostname="berserker" time="0.891">
  <properties/>
  <testcase name="contextLoads()" classname="com.netflix.catalogo.CustomerApplicationTests" time="0.891"/>
  <system-out><![CDATA[16:28:28.894 [Test worker] DEBUG org.springframework.test.context.BootstrapUtils - Instantiating CacheAwareContextLoaderDelegate from class [org.springframework.test.context.cache.DefaultCacheAwareContextLoaderDelegate]
16:28:28.929 [Test worker] DEBUG org.springframework.test.context.BootstrapUtils - Instantiating BootstrapContext using constructor [public org.springframework.test.context.support.DefaultBootstrapContext(java.lang.Class,org.springframework.test.context.CacheAwareContextLoaderDelegate)]
16:28:29.048 [Test worker] DEBUG org.springframework.test.context.BootstrapUtils - Instantiating TestContextBootstrapper for test class [com.netflix.catalogo.CustomerApplicationTests] from class [org.springframework.boot.test.context.SpringBootTestContextBootstrapper]
16:28:29.169 [Test worker] INFO org.springframework.boot.test.context.SpringBootTestContextBootstrapper - Neither @ContextConfiguration nor @ContextHierarchy found for test class [com.netflix.catalogo.CustomerApplicationTests], using SpringBootContextLoader
16:28:29.197 [Test worker] DEBUG org.springframework.test.context.support.AbstractContextLoader - Did not detect default resource location for test class [com.netflix.catalogo.CustomerApplicationTests]: class path resource [com/netflix/catalogo/CustomerApplicationTests-context.xml] does not exist
16:28:29.204 [Test worker] DEBUG org.springframework.test.context.support.AbstractContextLoader - Did not detect default resource location for test class [com.netflix.catalogo.CustomerApplicationTests]: class path resource [com/netflix/catalogo/CustomerApplicationTestsContext.groovy] does not exist
16:28:29.205 [Test worker] INFO org.springframework.test.context.support.AbstractContextLoader - Could not detect default resource locations for test class [com.netflix.catalogo.CustomerApplicationTests]: no resource found for suffixes {-context.xml, Context.groovy}.
16:28:29.215 [Test worker] INFO org.springframework.test.context.support.AnnotationConfigContextLoaderUtils - Could not detect default configuration classes for test class [com.netflix.catalogo.CustomerApplicationTests]: CustomerApplicationTests does not declare any static, non-private, non-final, nested classes annotated with @Configuration.
16:28:29.589 [Test worker] DEBUG org.springframework.test.context.support.ActiveProfilesUtils - Could not find an 'annotation declaring class' for annotation type [org.springframework.test.context.ActiveProfiles] and class [com.netflix.catalogo.CustomerApplicationTests]
16:28:30.112 [Test worker] DEBUG org.springframework.context.annotation.ClassPathScanningCandidateComponentProvider - Identified candidate component class: file [/home/matheus/IdeaProjects/tcd-netflix-grupo-20/catalogo/build/classes/java/main/com/netflix/catalogo/CatalogoApplication.class]
16:28:30.123 [Test worker] INFO org.springframework.boot.test.context.SpringBootTestContextBootstrapper - Found @SpringBootConfiguration com.netflix.catalogo.CatalogoApplication for test class com.netflix.catalogo.CustomerApplicationTests
16:28:30.486 [Test worker] DEBUG org.springframework.boot.test.context.SpringBootTestContextBootstrapper - @TestExecutionListeners is not present for class [com.netflix.catalogo.CustomerApplicationTests]: using defaults.
16:28:30.490 [Test worker] INFO org.springframework.boot.test.context.SpringBootTestContextBootstrapper - Loaded default TestExecutionListener class names from location [META-INF/spring.factories]: [org.springframework.boot.test.autoconfigure.restdocs.RestDocsTestExecutionListener, org.springframework.boot.test.autoconfigure.web.client.MockRestServiceServerResetTestExecutionListener, org.springframework.boot.test.autoconfigure.web.servlet.MockMvcPrintOnlyOnFailureTestExecutionListener, org.springframework.boot.test.autoconfigure.web.servlet.WebDriverTestExecutionListener, org.springframework.boot.test.autoconfigure.webservices.client.MockWebServiceServerTestExecutionListener, org.springframework.boot.test.mock.mockito.MockitoTestExecutionListener, org.springframework.boot.test.mock.mockito.ResetMocksTestExecutionListener, org.springframework.test.context.web.ServletTestExecutionListener, org.springframework.test.context.support.DirtiesContextBeforeModesTestExecutionListener, org.springframework.test.context.support.DependencyInjectionTestExecutionListener, org.springframework.test.context.support.DirtiesContextTestExecutionListener, org.springframework.test.context.transaction.TransactionalTestExecutionListener, org.springframework.test.context.jdbc.SqlScriptsTestExecutionListener, org.springframework.test.context.event.EventPublishingTestExecutionListener]
16:28:30.562 [Test worker] INFO org.springframework.boot.test.context.SpringBootTestContextBootstrapper - Using TestExecutionListeners: [org.springframework.test.context.web.ServletTestExecutionListener@4364d470, org.springframework.test.context.support.DirtiesContextBeforeModesTestExecutionListener@e5ff982, org.springframework.boot.test.mock.mockito.MockitoTestExecutionListener@3b70b73f, org.springframework.boot.test.autoconfigure.SpringBootDependencyInjectionTestExecutionListener@9ee4145, org.springframework.test.context.support.DirtiesContextTestExecutionListener@6c4cd35c, org.springframework.test.context.transaction.TransactionalTestExecutionListener@1d2ea4be, org.springframework.test.context.jdbc.SqlScriptsTestExecutionListener@2359316b, org.springframework.test.context.event.EventPublishingTestExecutionListener@58c6b82c, org.springframework.boot.test.autoconfigure.restdocs.RestDocsTestExecutionListener@521a565b, org.springframework.boot.test.autoconfigure.web.client.MockRestServiceServerResetTestExecutionListener@3af903f2, org.springframework.boot.test.autoconfigure.web.servlet.MockMvcPrintOnlyOnFailureTestExecutionListener@50c1afaf, org.springframework.boot.test.autoconfigure.web.servlet.WebDriverTestExecutionListener@3dab7a43, org.springframework.boot.test.autoconfigure.webservices.client.MockWebServiceServerTestExecutionListener@3d835b23, org.springframework.boot.test.mock.mockito.ResetMocksTestExecutionListener@4f1739f2]
16:28:30.579 [Test worker] DEBUG org.springframework.test.context.support.AbstractDirtiesContextTestExecutionListener - Before test class: context [DefaultTestContext@51f87583 testClass = CustomerApplicationTests, testInstance = [null], testMethod = [null], testException = [null], mergedContextConfiguration = [WebMergedContextConfiguration@72c7cfc7 testClass = CustomerApplicationTests, locations = '{}', classes = '{class com.netflix.catalogo.CatalogoApplication}', contextInitializerClasses = '[]', activeProfiles = '{}', propertySourceLocations = '{}', propertySourceProperties = '{org.springframework.boot.test.context.SpringBootTestContextBootstrapper=true}', contextCustomizers = set[org.springframework.boot.test.autoconfigure.properties.PropertyMappingContextCustomizer@0, org.springframework.boot.test.autoconfigure.web.servlet.WebDriverContextCustomizerFactory$Customizer@6683c866, org.springframework.boot.test.context.filter.ExcludeFilterContextCustomizer@40c55e56, org.springframework.boot.test.json.DuplicateJsonObjectContextCustomizerFactory$DuplicateJsonObjectContextCustomizer@3e1edd99, org.springframework.boot.test.mock.mockito.MockitoContextCustomizer@0, org.springframework.boot.test.web.client.TestRestTemplateContextCustomizer@42d4f411, org.springframework.boot.test.context.SpringBootTestArgs@1], resourceBasePath = 'src/main/webapp', contextLoader = 'org.springframework.boot.test.context.SpringBootContextLoader', parent = [null]], attributes = map['org.springframework.test.context.web.ServletTestExecutionListener.activateListener' -> true]], class annotated with @DirtiesContext [false] with mode [null].
16:28:30.646 [Test worker] DEBUG org.springframework.test.context.support.TestPropertySourceUtils - Adding inlined properties to environment: {spring.jmx.enabled=false, org.springframework.boot.test.context.SpringBootTestContextBootstrapper=true}

  .   ____          _            __ _ _
 /\\ / ___'_ __ _ _(_)_ __  __ _ \ \ \ \
( ( )\___ | '_ | '_| | '_ \/ _` | \ \ \ \
 \\/  ___)| |_)| | | | | || (_| |  ) ) ) )
  '  |____| .__|_| |_|_| |_\__, | / / / /
 =========|_|==============|___/=/_/_/_/
 :: Spring Boot ::        (v2.3.4.RELEASE)

2020-10-24 16:28:31.850  INFO 52701 --- [    Test worker] c.n.catalogo.CustomerApplicationTests    : Starting CustomerApplicationTests on berserker with PID 52701 (started by matheus in /home/matheus/IdeaProjects/tcd-netflix-grupo-20/catalogo)
2020-10-24 16:28:31.861  INFO 52701 --- [    Test worker] c.n.catalogo.CustomerApplicationTests    : No active profile set, falling back to default profiles: default
2020-10-24 16:28:36.043  INFO 52701 --- [    Test worker] .s.d.r.c.RepositoryConfigurationDelegate : Multiple Spring Data modules found, entering strict repository configuration mode!
2020-10-24 16:28:36.050  INFO 52701 --- [    Test worker] .s.d.r.c.RepositoryConfigurationDelegate : Bootstrapping Spring Data JPA repositories in DEFAULT mode.
2020-10-24 16:28:36.915  INFO 52701 --- [    Test worker] .s.d.r.c.RepositoryConfigurationDelegate : Finished Spring Data repository scanning in 822ms. Found 2 JPA repository interfaces.
2020-10-24 16:28:37.867  INFO 52701 --- [    Test worker] .s.d.r.c.RepositoryConfigurationDelegate : Multiple Spring Data modules found, entering strict repository configuration mode!
2020-10-24 16:28:37.870  INFO 52701 --- [    Test worker] .s.d.r.c.RepositoryConfigurationDelegate : Bootstrapping Spring Data Redis repositories in DEFAULT mode.
2020-10-24 16:28:37.955  INFO 52701 --- [    Test worker] .RepositoryConfigurationExtensionSupport : Spring Data Redis - Could not safely identify store assignment for repository candidate interface com.netflix.catalogo.repositories.CatalogoRepository. If you want this repository to be a Redis repository, consider annotating your entities with one of these annotations: org.springframework.data.redis.core.RedisHash (preferred), or consider extending one of the following types with your repository: org.springframework.data.keyvalue.repository.KeyValueRepository.
2020-10-24 16:28:37.959  INFO 52701 --- [    Test worker] .RepositoryConfigurationExtensionSupport : Spring Data Redis - Could not safely identify store assignment for repository candidate interface com.netflix.catalogo.repositories.RankingRepository. If you want this repository to be a Redis repository, consider annotating your entities with one of these annotations: org.springframework.data.redis.core.RedisHash (preferred), or consider extending one of the following types with your repository: org.springframework.data.keyvalue.repository.KeyValueRepository.
2020-10-24 16:28:37.972  INFO 52701 --- [    Test worker] .s.d.r.c.RepositoryConfigurationDelegate : Finished Spring Data repository scanning in 85ms. Found 0 Redis repository interfaces.
2020-10-24 16:28:42.223  INFO 52701 --- [    Test worker] o.hibernate.jpa.internal.util.LogHelper  : HHH000204: Processing PersistenceUnitInfo [name: default]
2020-10-24 16:28:42.376  INFO 52701 --- [    Test worker] org.hibernate.Version                    : HHH000412: Hibernate ORM core version 5.4.21.Final
2020-10-24 16:28:42.744  INFO 52701 --- [    Test worker] o.hibernate.annotations.common.Version   : HCANN000001: Hibernate Commons Annotations {5.1.0.Final}
2020-10-24 16:28:42.971  INFO 52701 --- [    Test worker] com.zaxxer.hikari.HikariDataSource       : HikariPool-1 - Starting...
2020-10-24 16:28:43.440  INFO 52701 --- [    Test worker] com.zaxxer.hikari.HikariDataSource       : HikariPool-1 - Start completed.
2020-10-24 16:28:43.471  INFO 52701 --- [    Test worker] org.hibernate.dialect.Dialect            : HHH000400: Using dialect: org.hibernate.dialect.PostgreSQL95Dialect
2020-10-24 16:28:44.770  WARN 52701 --- [    Test worker] o.h.engine.jdbc.spi.SqlExceptionHelper   : SQL Warning Code: 0, SQLState: 00000
2020-10-24 16:28:44.771  WARN 52701 --- [    Test worker] o.h.engine.jdbc.spi.SqlExceptionHelper   : relation "ranking" does not exist, skipping
2020-10-24 16:28:44.772  WARN 52701 --- [    Test worker] o.h.engine.jdbc.spi.SqlExceptionHelper   : SQL Warning Code: 0, SQLState: 00000
2020-10-24 16:28:44.772  WARN 52701 --- [    Test worker] o.h.engine.jdbc.spi.SqlExceptionHelper   : table "catalogo" does not exist, skipping
2020-10-24 16:28:44.774  WARN 52701 --- [    Test worker] o.h.engine.jdbc.spi.SqlExceptionHelper   : SQL Warning Code: 0, SQLState: 00000
2020-10-24 16:28:44.774  WARN 52701 --- [    Test worker] o.h.engine.jdbc.spi.SqlExceptionHelper   : table "ranking" does not exist, skipping
2020-10-24 16:28:45.654  INFO 52701 --- [    Test worker] o.h.e.t.j.p.i.JtaPlatformInitiator       : HHH000490: Using JtaPlatform implementation: [org.hibernate.engine.transaction.jta.platform.internal.NoJtaPlatform]
2020-10-24 16:28:45.665  INFO 52701 --- [    Test worker] j.LocalContainerEntityManagerFactoryBean : Initialized JPA EntityManagerFactory for persistence unit 'default'
2020-10-24 16:28:47.475  WARN 52701 --- [    Test worker] JpaBaseConfiguration$JpaWebConfiguration : spring.jpa.open-in-view is enabled by default. Therefore, database queries may be performed during view rendering. Explicitly configure spring.jpa.open-in-view to disable this warning
2020-10-24 16:28:48.156  INFO 52701 --- [    Test worker] o.s.s.concurrent.ThreadPoolTaskExecutor  : Initializing ExecutorService 'applicationTaskExecutor'
2020-10-24 16:28:49.825  INFO 52701 --- [    Test worker] c.n.catalogo.CustomerApplicationTests    : Started CustomerApplicationTests in 19.158 seconds (JVM running for 26.398)
]]></system-out>
  <system-err><![CDATA[]]></system-err>
</testsuite>
