<?xml version="1.0" encoding="UTF-8"?>
<testsuite name="com.netflix.catalogo.CustomerApplicationTests" tests="1" skipped="0" failures="0" errors="0" timestamp="2020-10-25T04:55:53" hostname="TRIP-NOTE" time="3.884">
  <properties/>
  <testcase name="contextLoads()" classname="com.netflix.catalogo.CustomerApplicationTests" time="3.884"/>
  <system-out><![CDATA[01:55:10.709 [Test worker] DEBUG org.springframework.test.context.BootstrapUtils - Instantiating CacheAwareContextLoaderDelegate from class [org.springframework.test.context.cache.DefaultCacheAwareContextLoaderDelegate]
01:55:10.784 [Test worker] DEBUG org.springframework.test.context.BootstrapUtils - Instantiating BootstrapContext using constructor [public org.springframework.test.context.support.DefaultBootstrapContext(java.lang.Class,org.springframework.test.context.CacheAwareContextLoaderDelegate)]
01:55:10.875 [Test worker] DEBUG org.springframework.test.context.BootstrapUtils - Instantiating TestContextBootstrapper for test class [com.netflix.catalogo.CustomerApplicationTests] from class [org.springframework.boot.test.context.SpringBootTestContextBootstrapper]
01:55:11.004 [Test worker] INFO org.springframework.boot.test.context.SpringBootTestContextBootstrapper - Neither @ContextConfiguration nor @ContextHierarchy found for test class [com.netflix.catalogo.CustomerApplicationTests], using SpringBootContextLoader
01:55:11.022 [Test worker] DEBUG org.springframework.test.context.support.AbstractContextLoader - Did not detect default resource location for test class [com.netflix.catalogo.CustomerApplicationTests]: class path resource [com/netflix/catalogo/CustomerApplicationTests-context.xml] does not exist
01:55:11.024 [Test worker] DEBUG org.springframework.test.context.support.AbstractContextLoader - Did not detect default resource location for test class [com.netflix.catalogo.CustomerApplicationTests]: class path resource [com/netflix/catalogo/CustomerApplicationTestsContext.groovy] does not exist
01:55:11.025 [Test worker] INFO org.springframework.test.context.support.AbstractContextLoader - Could not detect default resource locations for test class [com.netflix.catalogo.CustomerApplicationTests]: no resource found for suffixes {-context.xml, Context.groovy}.
01:55:11.027 [Test worker] INFO org.springframework.test.context.support.AnnotationConfigContextLoaderUtils - Could not detect default configuration classes for test class [com.netflix.catalogo.CustomerApplicationTests]: CustomerApplicationTests does not declare any static, non-private, non-final, nested classes annotated with @Configuration.
01:55:11.257 [Test worker] DEBUG org.springframework.test.context.support.ActiveProfilesUtils - Could not find an 'annotation declaring class' for annotation type [org.springframework.test.context.ActiveProfiles] and class [com.netflix.catalogo.CustomerApplicationTests]
01:55:11.450 [Test worker] DEBUG org.springframework.context.annotation.ClassPathScanningCandidateComponentProvider - Identified candidate component class: file [C:\Users\natal\git\tcd-netflix-grupo-20\usuario\build\classes\java\test\com\netflix\catalogo\CustomerApplicationTests.class]
01:55:11.451 [Test worker] INFO org.springframework.boot.test.context.SpringBootTestContextBootstrapper - Found @SpringBootConfiguration com.netflix.catalogo.CustomerApplicationTests for test class com.netflix.catalogo.CustomerApplicationTests
01:55:11.920 [Test worker] DEBUG org.springframework.boot.test.context.SpringBootTestContextBootstrapper - @TestExecutionListeners is not present for class [com.netflix.catalogo.CustomerApplicationTests]: using defaults.
01:55:11.922 [Test worker] INFO org.springframework.boot.test.context.SpringBootTestContextBootstrapper - Loaded default TestExecutionListener class names from location [META-INF/spring.factories]: [org.springframework.boot.test.autoconfigure.restdocs.RestDocsTestExecutionListener, org.springframework.boot.test.autoconfigure.web.client.MockRestServiceServerResetTestExecutionListener, org.springframework.boot.test.autoconfigure.web.servlet.MockMvcPrintOnlyOnFailureTestExecutionListener, org.springframework.boot.test.autoconfigure.web.servlet.WebDriverTestExecutionListener, org.springframework.boot.test.autoconfigure.webservices.client.MockWebServiceServerTestExecutionListener, org.springframework.boot.test.mock.mockito.MockitoTestExecutionListener, org.springframework.boot.test.mock.mockito.ResetMocksTestExecutionListener, org.springframework.test.context.web.ServletTestExecutionListener, org.springframework.test.context.support.DirtiesContextBeforeModesTestExecutionListener, org.springframework.test.context.support.DependencyInjectionTestExecutionListener, org.springframework.test.context.support.DirtiesContextTestExecutionListener, org.springframework.test.context.transaction.TransactionalTestExecutionListener, org.springframework.test.context.jdbc.SqlScriptsTestExecutionListener, org.springframework.test.context.event.EventPublishingTestExecutionListener]
01:55:11.985 [Test worker] INFO org.springframework.boot.test.context.SpringBootTestContextBootstrapper - Using TestExecutionListeners: [org.springframework.test.context.web.ServletTestExecutionListener@128b1e05, org.springframework.test.context.support.DirtiesContextBeforeModesTestExecutionListener@336fb0cc, org.springframework.boot.test.mock.mockito.MockitoTestExecutionListener@13b33ab0, org.springframework.boot.test.autoconfigure.SpringBootDependencyInjectionTestExecutionListener@6466e0f, org.springframework.test.context.support.DirtiesContextTestExecutionListener@4c7733f4, org.springframework.test.context.transaction.TransactionalTestExecutionListener@2d01366, org.springframework.test.context.jdbc.SqlScriptsTestExecutionListener@83cdf36, org.springframework.test.context.event.EventPublishingTestExecutionListener@3dbffe28, org.springframework.boot.test.autoconfigure.restdocs.RestDocsTestExecutionListener@482292f8, org.springframework.boot.test.autoconfigure.web.client.MockRestServiceServerResetTestExecutionListener@4a6be3b9, org.springframework.boot.test.autoconfigure.web.servlet.MockMvcPrintOnlyOnFailureTestExecutionListener@244050ad, org.springframework.boot.test.autoconfigure.web.servlet.WebDriverTestExecutionListener@664ca4b3, org.springframework.boot.test.autoconfigure.webservices.client.MockWebServiceServerTestExecutionListener@3a254fd0, org.springframework.boot.test.mock.mockito.ResetMocksTestExecutionListener@2fc60506]
01:55:12.015 [Test worker] DEBUG org.springframework.test.context.support.AbstractDirtiesContextTestExecutionListener - Before test class: context [DefaultTestContext@492736b4 testClass = CustomerApplicationTests, testInstance = [null], testMethod = [null], testException = [null], mergedContextConfiguration = [WebMergedContextConfiguration@4f039111 testClass = CustomerApplicationTests, locations = '{}', classes = '{class com.netflix.catalogo.CustomerApplicationTests}', contextInitializerClasses = '[]', activeProfiles = '{}', propertySourceLocations = '{}', propertySourceProperties = '{org.springframework.boot.test.context.SpringBootTestContextBootstrapper=true}', contextCustomizers = set[org.springframework.boot.test.autoconfigure.properties.PropertyMappingContextCustomizer@0, org.springframework.boot.test.autoconfigure.web.servlet.WebDriverContextCustomizerFactory$Customizer@454e2b67, [ImportsContextCustomizer@12b937a2 key = [@org.springframework.stereotype.Indexed(), @org.springframework.boot.autoconfigure.EnableAutoConfiguration(exclude={}, excludeName={}), @org.springframework.context.annotation.Configuration(value="", proxyBeanMethods=true), @org.springframework.boot.test.context.SpringBootTest(args={}, webEnvironment=MOCK, value={}, properties={}, classes={}), @org.springframework.context.annotation.Import({org.springframework.boot.autoconfigure.AutoConfigurationImportSelector.class}), @org.apiguardian.api.API(consumers={"*"}, since="5.0", status=STABLE), @org.springframework.stereotype.Component(""), @org.junit.jupiter.api.extension.ExtendWith({org.springframework.test.context.junit.jupiter.SpringExtension.class}), @org.springframework.context.annotation.Import({org.springframework.boot.autoconfigure.AutoConfigurationPackages$Registrar.class}), @org.springframework.boot.autoconfigure.AutoConfigurationPackage(basePackages={}, basePackageClasses={}), @org.springframework.test.context.BootstrapWith(org.springframework.boot.test.context.SpringBootTestContextBootstrapper.class), @org.springframework.context.annotation.ComponentScan(scopeResolver=org.springframework.context.annotation.AnnotationScopeMetadataResolver.class, lazyInit=false, resourcePattern="**/*.class", useDefaultFilters=true, excludeFilters={@org.springframework.context.annotation.ComponentScan$Filter(pattern={}, type=CUSTOM, value={}, classes={org.springframework.boot.context.TypeExcludeFilter.class}), @org.springframework.context.annotation.ComponentScan$Filter(pattern={}, type=CUSTOM, value={}, classes={org.springframework.boot.autoconfigure.AutoConfigurationExcludeFilter.class})}, scopedProxy=DEFAULT, basePackageClasses={}, nameGenerator=org.springframework.beans.factory.support.BeanNameGenerator.class, basePackages={}, value={}, includeFilters={}), @org.springframework.boot.autoconfigure.SpringBootApplication(scanBasePackageClasses={}, nameGenerator=org.springframework.beans.factory.support.BeanNameGenerator.class, exclude={}, excludeName={}, proxyBeanMethods=true, scanBasePackages={}), @org.springframework.boot.SpringBootConfiguration(proxyBeanMethods=true)]], org.springframework.boot.test.context.filter.ExcludeFilterContextCustomizer@31bc0e52, org.springframework.boot.test.json.DuplicateJsonObjectContextCustomizerFactory$DuplicateJsonObjectContextCustomizer@2a4b2d94, org.springframework.boot.test.mock.mockito.MockitoContextCustomizer@0, org.springframework.boot.test.web.client.TestRestTemplateContextCustomizer@5bde56fd, org.springframework.boot.test.context.SpringBootTestArgs@1], resourceBasePath = 'src/main/webapp', contextLoader = 'org.springframework.boot.test.context.SpringBootContextLoader', parent = [null]], attributes = map['org.springframework.test.context.web.ServletTestExecutionListener.activateListener' -> true]], class annotated with @DirtiesContext [false] with mode [null].
01:55:12.155 [Test worker] DEBUG org.springframework.test.context.support.TestPropertySourceUtils - Adding inlined properties to environment: {spring.jmx.enabled=false, org.springframework.boot.test.context.SpringBootTestContextBootstrapper=true}

  .   ____          _            __ _ _
 /\\ / ___'_ __ _ _(_)_ __  __ _ \ \ \ \
( ( )\___ | '_ | '_| | '_ \/ _` | \ \ \ \
 \\/  ___)| |_)| | | | | || (_| |  ) ) ) )
  '  |____| .__|_| |_|_| |_\__, | / / / /
 =========|_|==============|___/=/_/_/_/
 :: Spring Boot ::        (v2.3.4.RELEASE)

2020-10-25 01:55:13.508  INFO 2216 --- [    Test worker] c.n.catalogo.CustomerApplicationTests    : Starting CustomerApplicationTests on TRIP-NOTE with PID 2216 (started by natal in C:\Users\natal\git\tcd-netflix-grupo-20\usuario)
2020-10-25 01:55:13.513  INFO 2216 --- [    Test worker] c.n.catalogo.CustomerApplicationTests    : No active profile set, falling back to default profiles: default
2020-10-25 01:55:16.496  INFO 2216 --- [    Test worker] .s.d.r.c.RepositoryConfigurationDelegate : Multiple Spring Data modules found, entering strict repository configuration mode!
2020-10-25 01:55:16.540  INFO 2216 --- [    Test worker] .s.d.r.c.RepositoryConfigurationDelegate : Bootstrapping Spring Data JPA repositories in DEFERRED mode.
2020-10-25 01:55:16.668  INFO 2216 --- [    Test worker] .s.d.r.c.RepositoryConfigurationDelegate : Finished Spring Data repository scanning in 75ms. Found 0 JPA repository interfaces.
2020-10-25 01:55:16.810  INFO 2216 --- [    Test worker] .s.d.r.c.RepositoryConfigurationDelegate : Multiple Spring Data modules found, entering strict repository configuration mode!
2020-10-25 01:55:16.833  INFO 2216 --- [    Test worker] .s.d.r.c.RepositoryConfigurationDelegate : Bootstrapping Spring Data Redis repositories in DEFAULT mode.
2020-10-25 01:55:16.937  INFO 2216 --- [    Test worker] .s.d.r.c.RepositoryConfigurationDelegate : Finished Spring Data repository scanning in 3ms. Found 0 Redis repository interfaces.
2020-10-25 01:55:19.130  INFO 2216 --- [    Test worker] o.s.s.concurrent.ThreadPoolTaskExecutor  : Initializing ExecutorService 'applicationTaskExecutor'
2020-10-25 01:55:19.688  INFO 2216 --- [         task-1] o.hibernate.jpa.internal.util.LogHelper  : HHH000204: Processing PersistenceUnitInfo [name: default]
2020-10-25 01:55:20.669  INFO 2216 --- [         task-1] org.hibernate.Version                    : HHH000412: Hibernate ORM core version 5.4.21.Final
2020-10-25 01:55:22.467  WARN 2216 --- [    Test worker] JpaBaseConfiguration$JpaWebConfiguration : spring.jpa.open-in-view is enabled by default. Therefore, database queries may be performed during view rendering. Explicitly configure spring.jpa.open-in-view to disable this warning
2020-10-25 01:55:23.602  INFO 2216 --- [         task-1] o.hibernate.annotations.common.Version   : HCANN000001: Hibernate Commons Annotations {5.1.0.Final}
2020-10-25 01:55:24.404  INFO 2216 --- [         task-1] com.zaxxer.hikari.HikariDataSource       : HikariPool-1 - Starting...
2020-10-25 01:55:50.445  INFO 2216 --- [         task-1] com.zaxxer.hikari.HikariDataSource       : HikariPool-1 - Start completed.
2020-10-25 01:55:50.926  INFO 2216 --- [         task-1] org.hibernate.dialect.Dialect            : HHH000400: Using dialect: org.hibernate.dialect.PostgreSQL95Dialect
2020-10-25 01:55:53.393  INFO 2216 --- [    Test worker] DeferredRepositoryInitializationListener : Triggering deferred initialization of Spring Data repositories…
2020-10-25 01:55:53.495  INFO 2216 --- [    Test worker] DeferredRepositoryInitializationListener : Spring Data repositories initialized!
2020-10-25 01:55:53.626  INFO 2216 --- [    Test worker] c.n.catalogo.CustomerApplicationTests    : Started CustomerApplicationTests in 41.379 seconds (JVM running for 45.567)
]]></system-out>
  <system-err><![CDATA[]]></system-err>
</testsuite>
