<?xml version="1.0" encoding="UTF-8"?>
<testsuite name="com.netflix.catalogo.CustomerApplicationTests" tests="1" skipped="0" failures="0" errors="0" timestamp="2020-10-28T00:48:30" hostname="TRIP-NOTE" time="1.345">
  <properties/>
  <testcase name="contextLoads()" classname="com.netflix.catalogo.CustomerApplicationTests" time="1.345"/>
  <system-out><![CDATA[21:48:04.505 [Test worker] DEBUG org.springframework.test.context.BootstrapUtils - Instantiating CacheAwareContextLoaderDelegate from class [org.springframework.test.context.cache.DefaultCacheAwareContextLoaderDelegate]
21:48:04.747 [Test worker] DEBUG org.springframework.test.context.BootstrapUtils - Instantiating BootstrapContext using constructor [public org.springframework.test.context.support.DefaultBootstrapContext(java.lang.Class,org.springframework.test.context.CacheAwareContextLoaderDelegate)]
21:48:04.955 [Test worker] DEBUG org.springframework.test.context.BootstrapUtils - Instantiating TestContextBootstrapper for test class [com.netflix.catalogo.CustomerApplicationTests] from class [org.springframework.boot.test.context.SpringBootTestContextBootstrapper]
21:48:05.257 [Test worker] INFO org.springframework.boot.test.context.SpringBootTestContextBootstrapper - Neither @ContextConfiguration nor @ContextHierarchy found for test class [com.netflix.catalogo.CustomerApplicationTests], using SpringBootContextLoader
21:48:05.289 [Test worker] DEBUG org.springframework.test.context.support.AbstractContextLoader - Did not detect default resource location for test class [com.netflix.catalogo.CustomerApplicationTests]: class path resource [com/netflix/catalogo/CustomerApplicationTests-context.xml] does not exist
21:48:05.295 [Test worker] DEBUG org.springframework.test.context.support.AbstractContextLoader - Did not detect default resource location for test class [com.netflix.catalogo.CustomerApplicationTests]: class path resource [com/netflix/catalogo/CustomerApplicationTestsContext.groovy] does not exist
21:48:05.296 [Test worker] INFO org.springframework.test.context.support.AbstractContextLoader - Could not detect default resource locations for test class [com.netflix.catalogo.CustomerApplicationTests]: no resource found for suffixes {-context.xml, Context.groovy}.
21:48:05.311 [Test worker] INFO org.springframework.test.context.support.AnnotationConfigContextLoaderUtils - Could not detect default configuration classes for test class [com.netflix.catalogo.CustomerApplicationTests]: CustomerApplicationTests does not declare any static, non-private, non-final, nested classes annotated with @Configuration.
21:48:05.718 [Test worker] DEBUG org.springframework.test.context.support.ActiveProfilesUtils - Could not find an 'annotation declaring class' for annotation type [org.springframework.test.context.ActiveProfiles] and class [com.netflix.catalogo.CustomerApplicationTests]
21:48:06.256 [Test worker] DEBUG org.springframework.context.annotation.ClassPathScanningCandidateComponentProvider - Identified candidate component class: file [C:\Users\natal\git\tcd-netflix-grupo-20\usuario\build\classes\java\test\com\netflix\catalogo\CustomerApplicationTests.class]
21:48:06.258 [Test worker] INFO org.springframework.boot.test.context.SpringBootTestContextBootstrapper - Found @SpringBootConfiguration com.netflix.catalogo.CustomerApplicationTests for test class com.netflix.catalogo.CustomerApplicationTests
21:48:07.684 [Test worker] DEBUG org.springframework.boot.test.context.SpringBootTestContextBootstrapper - @TestExecutionListeners is not present for class [com.netflix.catalogo.CustomerApplicationTests]: using defaults.
21:48:07.687 [Test worker] INFO org.springframework.boot.test.context.SpringBootTestContextBootstrapper - Loaded default TestExecutionListener class names from location [META-INF/spring.factories]: [org.springframework.boot.test.autoconfigure.restdocs.RestDocsTestExecutionListener, org.springframework.boot.test.autoconfigure.web.client.MockRestServiceServerResetTestExecutionListener, org.springframework.boot.test.autoconfigure.web.servlet.MockMvcPrintOnlyOnFailureTestExecutionListener, org.springframework.boot.test.autoconfigure.web.servlet.WebDriverTestExecutionListener, org.springframework.boot.test.autoconfigure.webservices.client.MockWebServiceServerTestExecutionListener, org.springframework.boot.test.mock.mockito.MockitoTestExecutionListener, org.springframework.boot.test.mock.mockito.ResetMocksTestExecutionListener, org.springframework.test.context.web.ServletTestExecutionListener, org.springframework.test.context.support.DirtiesContextBeforeModesTestExecutionListener, org.springframework.test.context.support.DependencyInjectionTestExecutionListener, org.springframework.test.context.support.DirtiesContextTestExecutionListener, org.springframework.test.context.transaction.TransactionalTestExecutionListener, org.springframework.test.context.jdbc.SqlScriptsTestExecutionListener, org.springframework.test.context.event.EventPublishingTestExecutionListener]
21:48:07.998 [Test worker] INFO org.springframework.boot.test.context.SpringBootTestContextBootstrapper - Using TestExecutionListeners: [org.springframework.test.context.web.ServletTestExecutionListener@4f205f91, org.springframework.test.context.support.DirtiesContextBeforeModesTestExecutionListener@2d9427bd, org.springframework.boot.test.mock.mockito.MockitoTestExecutionListener@76975e07, org.springframework.boot.test.autoconfigure.SpringBootDependencyInjectionTestExecutionListener@522f4b8f, org.springframework.test.context.support.DirtiesContextTestExecutionListener@1fbe5a8c, org.springframework.test.context.transaction.TransactionalTestExecutionListener@139b2f09, org.springframework.test.context.jdbc.SqlScriptsTestExecutionListener@5fb02c1b, org.springframework.test.context.event.EventPublishingTestExecutionListener@776b6751, org.springframework.boot.test.autoconfigure.restdocs.RestDocsTestExecutionListener@1a6c290a, org.springframework.boot.test.autoconfigure.web.client.MockRestServiceServerResetTestExecutionListener@5045be29, org.springframework.boot.test.autoconfigure.web.servlet.MockMvcPrintOnlyOnFailureTestExecutionListener@e4b90ce, org.springframework.boot.test.autoconfigure.web.servlet.WebDriverTestExecutionListener@22b63fb9, org.springframework.boot.test.autoconfigure.webservices.client.MockWebServiceServerTestExecutionListener@5969669c, org.springframework.boot.test.mock.mockito.ResetMocksTestExecutionListener@24a03f6e]
21:48:08.013 [Test worker] DEBUG org.springframework.test.context.support.AbstractDirtiesContextTestExecutionListener - Before test class: context [DefaultTestContext@555822eb testClass = CustomerApplicationTests, testInstance = [null], testMethod = [null], testException = [null], mergedContextConfiguration = [WebMergedContextConfiguration@2532e9e1 testClass = CustomerApplicationTests, locations = '{}', classes = '{class com.netflix.catalogo.CustomerApplicationTests}', contextInitializerClasses = '[]', activeProfiles = '{}', propertySourceLocations = '{}', propertySourceProperties = '{org.springframework.boot.test.context.SpringBootTestContextBootstrapper=true}', contextCustomizers = set[org.springframework.boot.test.autoconfigure.properties.PropertyMappingContextCustomizer@0, org.springframework.boot.test.autoconfigure.web.servlet.WebDriverContextCustomizerFactory$Customizer@614d8f06, [ImportsContextCustomizer@6f3a50a1 key = [@org.springframework.stereotype.Indexed(), @org.springframework.boot.autoconfigure.SpringBootApplication(scanBasePackageClasses={}, exclude={}, excludeName={}, nameGenerator=org.springframework.beans.factory.support.BeanNameGenerator.class, proxyBeanMethods=true, scanBasePackages={}), @org.springframework.boot.autoconfigure.EnableAutoConfiguration(exclude={}, excludeName={}), @org.springframework.test.context.BootstrapWith(org.springframework.boot.test.context.SpringBootTestContextBootstrapper.class), @org.springframework.context.annotation.Configuration(value="", proxyBeanMethods=true), @org.springframework.context.annotation.ComponentScan(scopeResolver=org.springframework.context.annotation.AnnotationScopeMetadataResolver.class, lazyInit=false, resourcePattern="**/*.class", excludeFilters={@org.springframework.context.annotation.ComponentScan$Filter(pattern={}, type=CUSTOM, value={}, classes={org.springframework.boot.context.TypeExcludeFilter.class}), @org.springframework.context.annotation.ComponentScan$Filter(pattern={}, type=CUSTOM, value={}, classes={org.springframework.boot.autoconfigure.AutoConfigurationExcludeFilter.class})}, useDefaultFilters=true, scopedProxy=DEFAULT, basePackageClasses={}, nameGenerator=org.springframework.beans.factory.support.BeanNameGenerator.class, basePackages={}, value={}, includeFilters={}), @org.springframework.boot.test.context.SpringBootTest(args={}, webEnvironment=MOCK, value={}, properties={}, classes={}), @org.springframework.stereotype.Component(""), @org.junit.jupiter.api.extension.ExtendWith({org.springframework.test.context.junit.jupiter.SpringExtension.class}), @org.springframework.context.annotation.Import({org.springframework.boot.autoconfigure.AutoConfigurationPackages$Registrar.class}), @org.springframework.boot.autoconfigure.AutoConfigurationPackage(basePackages={}, basePackageClasses={}), @org.apiguardian.api.API(consumers={"*"}, since="5.0", status=STABLE), @org.springframework.context.annotation.Import({org.springframework.boot.autoconfigure.AutoConfigurationImportSelector.class}), @org.springframework.boot.SpringBootConfiguration(proxyBeanMethods=true)]], org.springframework.boot.test.context.filter.ExcludeFilterContextCustomizer@28a862ec, org.springframework.boot.test.json.DuplicateJsonObjectContextCustomizerFactory$DuplicateJsonObjectContextCustomizer@31839737, org.springframework.boot.test.mock.mockito.MockitoContextCustomizer@0, org.springframework.boot.test.web.client.TestRestTemplateContextCustomizer@55005477, org.springframework.boot.test.context.SpringBootTestArgs@1], resourceBasePath = 'src/main/webapp', contextLoader = 'org.springframework.boot.test.context.SpringBootContextLoader', parent = [null]], attributes = map['org.springframework.test.context.web.ServletTestExecutionListener.activateListener' -> true]], class annotated with @DirtiesContext [false] with mode [null].
21:48:08.830 [Test worker] DEBUG org.springframework.test.context.support.TestPropertySourceUtils - Adding inlined properties to environment: {spring.jmx.enabled=false, org.springframework.boot.test.context.SpringBootTestContextBootstrapper=true}

  .   ____          _            __ _ _
 /\\ / ___'_ __ _ _(_)_ __  __ _ \ \ \ \
( ( )\___ | '_ | '_| | '_ \/ _` | \ \ \ \
 \\/  ___)| |_)| | | | | || (_| |  ) ) ) )
  '  |____| .__|_| |_|_| |_\__, | / / / /
 =========|_|==============|___/=/_/_/_/
 :: Spring Boot ::        (v2.3.4.RELEASE)

2020-10-27 21:48:12.292  INFO 14500 --- [    Test worker] c.n.catalogo.CustomerApplicationTests    : Starting CustomerApplicationTests on TRIP-NOTE with PID 14500 (started by natal in C:\Users\natal\git\tcd-netflix-grupo-20\usuario)
2020-10-27 21:48:12.295  INFO 14500 --- [    Test worker] c.n.catalogo.CustomerApplicationTests    : No active profile set, falling back to default profiles: default
2020-10-27 21:48:16.859  INFO 14500 --- [    Test worker] .s.d.r.c.RepositoryConfigurationDelegate : Multiple Spring Data modules found, entering strict repository configuration mode!
2020-10-27 21:48:16.902  INFO 14500 --- [    Test worker] .s.d.r.c.RepositoryConfigurationDelegate : Bootstrapping Spring Data JPA repositories in DEFERRED mode.
2020-10-27 21:48:17.106  INFO 14500 --- [    Test worker] .s.d.r.c.RepositoryConfigurationDelegate : Finished Spring Data repository scanning in 97ms. Found 0 JPA repository interfaces.
2020-10-27 21:48:17.240  INFO 14500 --- [    Test worker] .s.d.r.c.RepositoryConfigurationDelegate : Multiple Spring Data modules found, entering strict repository configuration mode!
2020-10-27 21:48:17.243  INFO 14500 --- [    Test worker] .s.d.r.c.RepositoryConfigurationDelegate : Bootstrapping Spring Data Redis repositories in DEFAULT mode.
2020-10-27 21:48:17.309  INFO 14500 --- [    Test worker] .s.d.r.c.RepositoryConfigurationDelegate : Finished Spring Data repository scanning in 4ms. Found 0 Redis repository interfaces.
2020-10-27 21:48:20.070  INFO 14500 --- [    Test worker] o.s.s.concurrent.ThreadPoolTaskExecutor  : Initializing ExecutorService 'applicationTaskExecutor'
2020-10-27 21:48:20.533  INFO 14500 --- [         task-1] o.hibernate.jpa.internal.util.LogHelper  : HHH000204: Processing PersistenceUnitInfo [name: default]
2020-10-27 21:48:21.198  INFO 14500 --- [         task-1] org.hibernate.Version                    : HHH000412: Hibernate ORM core version 5.4.21.Final
2020-10-27 21:48:22.144  WARN 14500 --- [    Test worker] JpaBaseConfiguration$JpaWebConfiguration : spring.jpa.open-in-view is enabled by default. Therefore, database queries may be performed during view rendering. Explicitly configure spring.jpa.open-in-view to disable this warning
2020-10-27 21:48:22.851  INFO 14500 --- [         task-1] o.hibernate.annotations.common.Version   : HCANN000001: Hibernate Commons Annotations {5.1.0.Final}
2020-10-27 21:48:23.560  INFO 14500 --- [         task-1] com.zaxxer.hikari.HikariDataSource       : HikariPool-1 - Starting...
2020-10-27 21:48:24.544  INFO 14500 --- [         task-1] com.zaxxer.hikari.HikariDataSource       : HikariPool-1 - Start completed.
2020-10-27 21:48:24.732  INFO 14500 --- [         task-1] org.hibernate.dialect.Dialect            : HHH000400: Using dialect: org.hibernate.dialect.PostgreSQL95Dialect
2020-10-27 21:48:27.552  INFO 14500 --- [         task-1] o.h.e.t.j.p.i.JtaPlatformInitiator       : HHH000490: Using JtaPlatform implementation: [org.hibernate.engine.transaction.jta.platform.internal.NoJtaPlatform]
2020-10-27 21:48:27.617  INFO 14500 --- [         task-1] j.LocalContainerEntityManagerFactoryBean : Initialized JPA EntityManagerFactory for persistence unit 'default'
2020-10-27 21:48:30.110  INFO 14500 --- [    Test worker] DeferredRepositoryInitializationListener : Triggering deferred initialization of Spring Data repositories…
2020-10-27 21:48:30.123  INFO 14500 --- [    Test worker] DeferredRepositoryInitializationListener : Spring Data repositories initialized!
2020-10-27 21:48:30.219  INFO 14500 --- [    Test worker] c.n.catalogo.CustomerApplicationTests    : Started CustomerApplicationTests in 21.063 seconds (JVM running for 35.153)
]]></system-out>
  <system-err><![CDATA[]]></system-err>
</testsuite>
